<?xml version="1.0" encoding="UTF-8"?>
<!-- Generated by org.testng.reporters.JUnitReportReporter -->
<testsuite hostname="abdulraheemPC" failures="0" tests="4" name="AutomationFinalProject_april.AutomationFinalProject_april.AppTest" time="0.135" errors="0" timestamp="2025-04-30T21:30:14 EET" skipped="0">
  <testcase classname="AutomationFinalProject_april.AutomationFinalProject_april.AppTest" name="CheckWebSiteLanaguage" time="0.029"/>
  <testcase classname="AutomationFinalProject_april.AutomationFinalProject_april.AppTest" name="CheckCurrency" time="0.031"/>
  <testcase classname="AutomationFinalProject_april.AutomationFinalProject_april.AppTest" name="CheckContactNumber" time="0.019"/>
  <testcase classname="AutomationFinalProject_april.AutomationFinalProject_april.AppTest" name="CheckQitafLogo" time="0.056"/>
</testsuite> <!-- AutomationFinalProject_april.AutomationFinalProject_april.AppTest -->
