<?xml version="1.0" encoding="UTF-8"?>
<!-- Generated by org.testng.reporters.JUnitReportReporter -->
<testsuite hostname="abdulraheemPC" failures="0" tests="17" name="AutomationFinalProject_april.AutomationFinalProject_april.AppTest" time="4.263" errors="0" timestamp="2025-05-01T21:08:18 EET" skipped="7">
  <testcase classname="AutomationFinalProject_april.AutomationFinalProject_april.AppTest" name="ChangeTheWebsiteLanaguage" time="0.434"/>
  <testcase classname="AutomationFinalProject_april.AutomationFinalProject_april.AppTest" name="ChangeTheWebsiteLanaguage" time="0.572"/>
  <testcase classname="AutomationFinalProject_april.AutomationFinalProject_april.AppTest" name="ChangeTheWebsiteLanaguage" time="0.310"/>
  <testcase classname="AutomationFinalProject_april.AutomationFinalProject_april.AppTest" name="ChangeTheWebsiteLanaguage" time="0.388"/>
  <testcase classname="AutomationFinalProject_april.AutomationFinalProject_april.AppTest" name="ChangeTheWebsiteLanaguage" time="0.758"/>
  <testcase classname="AutomationFinalProject_april.AutomationFinalProject_april.AppTest" name="ChangeTheWebsiteLanaguage" time="0.456"/>
  <testcase classname="AutomationFinalProject_april.AutomationFinalProject_april.AppTest" name="ChangeTheWebsiteLanaguage" time="0.355"/>
  <testcase classname="AutomationFinalProject_april.AutomationFinalProject_april.AppTest" name="ChangeTheWebsiteLanaguage" time="0.350"/>
  <testcase classname="AutomationFinalProject_april.AutomationFinalProject_april.AppTest" name="ChangeTheWebsiteLanaguage" time="0.305"/>
  <testcase classname="AutomationFinalProject_april.AutomationFinalProject_april.AppTest" name="ChangeTheWebsiteLanaguage" time="0.335"/>
  <testcase classname="AutomationFinalProject_april.AutomationFinalProject_april.AppTest" name="CheckCurrency">
    <skipped/>
  </testcase> <!-- CheckCurrency -->
  <testcase classname="AutomationFinalProject_april.AutomationFinalProject_april.AppTest" name="CheckWebSiteLanaguage">
    <skipped/>
  </testcase> <!-- CheckWebSiteLanaguage -->
  <testcase classname="AutomationFinalProject_april.AutomationFinalProject_april.AppTest" name="FlightReturnDate">
    <skipped/>
  </testcase> <!-- FlightReturnDate -->
  <testcase classname="AutomationFinalProject_april.AutomationFinalProject_april.AppTest" name="FLightDepatureDate">
    <skipped/>
  </testcase> <!-- FLightDepatureDate -->
  <testcase classname="AutomationFinalProject_april.AutomationFinalProject_april.AppTest" name="CheckContactNumber">
    <skipped/>
  </testcase> <!-- CheckContactNumber -->
  <testcase classname="AutomationFinalProject_april.AutomationFinalProject_april.AppTest" name="CheckHotelTabIsNotSelected">
    <skipped/>
  </testcase> <!-- CheckHotelTabIsNotSelected -->
  <testcase classname="AutomationFinalProject_april.AutomationFinalProject_april.AppTest" name="CheckQitafLogo">
    <skipped/>
  </testcase> <!-- CheckQitafLogo -->
</testsuite> <!-- AutomationFinalProject_april.AutomationFinalProject_april.AppTest -->
